<?xml version="1.0" encoding="UTF-8"?>
<testng-results ignored="0" total="6" passed="6" failed="0" skipped="0">
  <reporter-output>
  </reporter-output>
  <suite started-at="2025-06-20T14:49:03 IST" name="Suite" finished-at="2025-06-20T14:49:35 IST" duration-ms="31812">
    <groups>
    </groups>
    <test started-at="2025-06-20T14:49:03 IST" name="Test Chrome" finished-at="2025-06-20T14:49:19 IST" duration-ms="15425">
      <class name="com.testing.scenario.TestNGMain">
        <test-method is-config="true" signature="driverInstantiation(java.lang.String)[pri:0, instance:com.testing.scenario.TestNGMain@fbd1f6]" started-at="2025-06-20T14:49:03 IST" name="driverInstantiation" finished-at="2025-06-20T14:49:12 IST" duration-ms="8741" status="PASS">
          <params>
            <param index="0">
              <value>
                <![CDATA[chrome]]>
              </value>
            </param>
          </params>
          <reporter-output>
          </reporter-output>
        </test-method> <!-- driverInstantiation -->
        <test-method is-config="true" signature="startReporter()[pri:0, instance:com.testing.scenario.TestNGMain@fbd1f6]" started-at="2025-06-20T14:49:12 IST" name="startReporter" finished-at="2025-06-20T14:49:12 IST" duration-ms="196" status="PASS">
          <reporter-output>
          </reporter-output>
        </test-method> <!-- startReporter -->
        <test-method signature="navigatingToHomePage()[pri:1, instance:com.testing.scenario.TestNGMain@fbd1f6]" started-at="2025-06-20T14:49:12 IST" name="navigatingToHomePage" finished-at="2025-06-20T14:49:15 IST" duration-ms="3135" status="PASS">
          <reporter-output>
          </reporter-output>
        </test-method> <!-- navigatingToHomePage -->
        <test-method is-config="true" signature="getResult(org.testng.ITestResult)[pri:0, instance:com.testing.scenario.TestNGMain@fbd1f6]" started-at="2025-06-20T14:49:15 IST" name="getResult" finished-at="2025-06-20T14:49:16 IST" duration-ms="14" status="PASS">
          <params>
            <param index="0">
              <value>
                <![CDATA[[TestResult name=navigatingToHomePage status=SUCCESS method=TestNGMain.navigatingToHomePage()[pri:1, instance:com.testing.scenario.TestNGMain@fbd1f6] output={null}]]]>
              </value>
            </param>
          </params>
          <reporter-output>
          </reporter-output>
        </test-method> <!-- getResult -->
        <test-method is-config="true" signature="screeShot()[pri:0, instance:com.testing.scenario.TestNGMain@fbd1f6]" started-at="2025-06-20T14:49:16 IST" name="screeShot" finished-at="2025-06-20T14:49:16 IST" duration-ms="178" status="PASS">
          <reporter-output>
          </reporter-output>
        </test-method> <!-- screeShot -->
        <test-method signature="projectList()[pri:2, instance:com.testing.scenario.TestNGMain@fbd1f6]" started-at="2025-06-20T14:49:16 IST" name="projectList" finished-at="2025-06-20T14:49:16 IST" duration-ms="92" status="PASS">
          <reporter-output>
          </reporter-output>
        </test-method> <!-- projectList -->
        <test-method is-config="true" signature="getResult(org.testng.ITestResult)[pri:0, instance:com.testing.scenario.TestNGMain@fbd1f6]" started-at="2025-06-20T14:49:16 IST" name="getResult" finished-at="2025-06-20T14:49:16 IST" duration-ms="1" status="PASS">
          <params>
            <param index="0">
              <value>
                <![CDATA[[TestResult name=projectList status=SUCCESS method=TestNGMain.projectList()[pri:2, instance:com.testing.scenario.TestNGMain@fbd1f6] output={null}]]]>
              </value>
            </param>
          </params>
          <reporter-output>
          </reporter-output>
        </test-method> <!-- getResult -->
        <test-method is-config="true" signature="screeShot()[pri:0, instance:com.testing.scenario.TestNGMain@fbd1f6]" started-at="2025-06-20T14:49:16 IST" name="screeShot" finished-at="2025-06-20T14:49:16 IST" duration-ms="153" status="PASS">
          <reporter-output>
          </reporter-output>
        </test-method> <!-- screeShot -->
        <test-method signature="navigatingToEnquiry()[pri:3, instance:com.testing.scenario.TestNGMain@fbd1f6]" started-at="2025-06-20T14:49:16 IST" name="navigatingToEnquiry" finished-at="2025-06-20T14:49:16 IST" duration-ms="240" status="PASS">
          <reporter-output>
          </reporter-output>
        </test-method> <!-- navigatingToEnquiry -->
        <test-method is-config="true" signature="getResult(org.testng.ITestResult)[pri:0, instance:com.testing.scenario.TestNGMain@fbd1f6]" started-at="2025-06-20T14:49:16 IST" name="getResult" finished-at="2025-06-20T14:49:16 IST" duration-ms="1" status="PASS">
          <params>
            <param index="0">
              <value>
                <![CDATA[[TestResult name=navigatingToEnquiry status=SUCCESS method=TestNGMain.navigatingToEnquiry()[pri:3, instance:com.testing.scenario.TestNGMain@fbd1f6] output={null}]]]>
              </value>
            </param>
          </params>
          <reporter-output>
          </reporter-output>
        </test-method> <!-- getResult -->
        <test-method is-config="true" signature="screeShot()[pri:0, instance:com.testing.scenario.TestNGMain@fbd1f6]" started-at="2025-06-20T14:49:16 IST" name="screeShot" finished-at="2025-06-20T14:49:16 IST" duration-ms="167" status="PASS">
          <reporter-output>
          </reporter-output>
        </test-method> <!-- screeShot -->
        <test-method is-config="true" signature="tearDown()[pri:0, instance:com.testing.scenario.TestNGMain@fbd1f6]" started-at="2025-06-20T14:49:16 IST" name="tearDown" finished-at="2025-06-20T14:49:19 IST" duration-ms="2447" status="FAIL">
          <exception class="java.lang.NullPointerException">
            <message>
              <![CDATA[Cannot invoke "com.testing.UserDefineLibraries.ExcelReadOrWriteUtility.closeFile()" because "this.eds" is null]]>
            </message>
            <full-stacktrace>
              <![CDATA[java.lang.NullPointerException: Cannot invoke "com.testing.UserDefineLibraries.ExcelReadOrWriteUtility.closeFile()" because "this.eds" is null
at com.testing.scenario.TestNGMain.tearDown(TestNGMain.java:146)
at java.base/jdk.internal.reflect.DirectMethodHandleAccessor.invoke(DirectMethodHandleAccessor.java:103)
at java.base/java.lang.reflect.Method.invoke(Method.java:580)
at org.testng.internal.invokers.MethodInvocationHelper.invokeMethod(MethodInvocationHelper.java:141)
at org.testng.internal.invokers.MethodInvocationHelper.invokeMethodConsideringTimeout(MethodInvocationHelper.java:71)
at org.testng.internal.invokers.ConfigInvoker.invokeConfigurationMethod(ConfigInvoker.java:400)
at org.testng.internal.invokers.ConfigInvoker.invokeConfigurations(ConfigInvoker.java:333)
at org.testng.internal.invokers.TestMethodWorker.invokeAfterClassConfigurations(TestMethodWorker.java:238)
at org.testng.internal.invokers.TestMethodWorker.invokeAfterClassMethods(TestMethodWorker.java:223)
at org.testng.internal.invokers.TestMethodWorker.run(TestMethodWorker.java:137)
at java.base/java.util.ArrayList.forEach(ArrayList.java:1596)
at org.testng.TestRunner.privateRun(TestRunner.java:741)
at org.testng.TestRunner.run(TestRunner.java:616)
at org.testng.SuiteRunner.runTest(SuiteRunner.java:421)
at org.testng.SuiteRunner.runSequentially(SuiteRunner.java:413)
at org.testng.SuiteRunner.privateRun(SuiteRunner.java:373)
at org.testng.SuiteRunner.run(SuiteRunner.java:312)
at org.testng.SuiteRunnerWorker.runSuite(SuiteRunnerWorker.java:52)
at org.testng.SuiteRunnerWorker.run(SuiteRunnerWorker.java:95)
at org.testng.TestNG.runSuitesSequentially(TestNG.java:1274)
at org.testng.TestNG.runSuitesLocally(TestNG.java:1208)
at org.testng.TestNG.runSuites(TestNG.java:1112)
at org.testng.TestNG.run(TestNG.java:1079)
at org.testng.remote.AbstractRemoteTestNG.run(AbstractRemoteTestNG.java:115)
at org.testng.remote.RemoteTestNG.initAndRun(RemoteTestNG.java:293)
at org.testng.remote.RemoteTestNG.main(RemoteTestNG.java:91)
]]>
            </full-stacktrace>
          </exception> <!-- java.lang.NullPointerException -->
          <reporter-output>
          </reporter-output>
        </test-method> <!-- tearDown -->
        <test-method is-config="true" signature="writeDataIntoExcel()[pri:0, instance:com.testing.scenario.TestNGMain@fbd1f6]" started-at="2025-06-20T14:49:19 IST" name="writeDataIntoExcel" finished-at="2025-06-20T14:49:19 IST" duration-ms="0" status="SKIP">
          <reporter-output>
          </reporter-output>
        </test-method> <!-- writeDataIntoExcel -->
        <test-method is-config="true" signature="writeDtaEmail()[pri:0, instance:com.testing.scenario.TestNGMain@fbd1f6]" started-at="2025-06-20T14:49:19 IST" name="writeDtaEmail" finished-at="2025-06-20T14:49:19 IST" duration-ms="0" status="SKIP">
          <reporter-output>
          </reporter-output>
        </test-method> <!-- writeDtaEmail -->
        <test-method is-config="true" signature="flushReport()[pri:0, instance:com.testing.scenario.TestNGMain@fbd1f6]" started-at="2025-06-20T14:49:19 IST" name="flushReport" finished-at="2025-06-20T14:49:19 IST" duration-ms="0" status="SKIP">
          <reporter-output>
          </reporter-output>
        </test-method> <!-- flushReport -->
      </class> <!-- com.testing.scenario.TestNGMain -->
    </test> <!-- Test Chrome -->
    <test started-at="2025-06-20T14:49:19 IST" name="Test Edge" finished-at="2025-06-20T14:49:35 IST" duration-ms="16359">
      <class name="com.testing.scenario.TestNGMain">
        <test-method is-config="true" signature="driverInstantiation(java.lang.String)[pri:0, instance:com.testing.scenario.TestNGMain@5aebe890]" started-at="2025-06-20T14:49:19 IST" name="driverInstantiation" finished-at="2025-06-20T14:49:28 IST" duration-ms="8790" status="PASS">
          <params>
            <param index="0">
              <value>
                <![CDATA[edge]]>
              </value>
            </param>
          </params>
          <reporter-output>
          </reporter-output>
        </test-method> <!-- driverInstantiation -->
        <test-method is-config="true" signature="startReporter()[pri:0, instance:com.testing.scenario.TestNGMain@5aebe890]" started-at="2025-06-20T14:49:28 IST" name="startReporter" finished-at="2025-06-20T14:49:28 IST" duration-ms="3" status="PASS">
          <reporter-output>
          </reporter-output>
        </test-method> <!-- startReporter -->
        <test-method signature="navigatingToHomePage()[pri:1, instance:com.testing.scenario.TestNGMain@5aebe890]" started-at="2025-06-20T14:49:28 IST" name="navigatingToHomePage" finished-at="2025-06-20T14:49:31 IST" duration-ms="3081" status="PASS">
          <reporter-output>
          </reporter-output>
        </test-method> <!-- navigatingToHomePage -->
        <test-method is-config="true" signature="getResult(org.testng.ITestResult)[pri:0, instance:com.testing.scenario.TestNGMain@5aebe890]" started-at="2025-06-20T14:49:31 IST" name="getResult" finished-at="2025-06-20T14:49:31 IST" duration-ms="2" status="PASS">
          <params>
            <param index="0">
              <value>
                <![CDATA[[TestResult name=navigatingToHomePage status=SUCCESS method=TestNGMain.navigatingToHomePage()[pri:1, instance:com.testing.scenario.TestNGMain@5aebe890] output={null}]]]>
              </value>
            </param>
          </params>
          <reporter-output>
          </reporter-output>
        </test-method> <!-- getResult -->
        <test-method is-config="true" signature="screeShot()[pri:0, instance:com.testing.scenario.TestNGMain@5aebe890]" started-at="2025-06-20T14:49:31 IST" name="screeShot" finished-at="2025-06-20T14:49:31 IST" duration-ms="173" status="PASS">
          <reporter-output>
          </reporter-output>
        </test-method> <!-- screeShot -->
        <test-method signature="projectList()[pri:2, instance:com.testing.scenario.TestNGMain@5aebe890]" started-at="2025-06-20T14:49:31 IST" name="projectList" finished-at="2025-06-20T14:49:31 IST" duration-ms="71" status="PASS">
          <reporter-output>
          </reporter-output>
        </test-method> <!-- projectList -->
        <test-method is-config="true" signature="getResult(org.testng.ITestResult)[pri:0, instance:com.testing.scenario.TestNGMain@5aebe890]" started-at="2025-06-20T14:49:31 IST" name="getResult" finished-at="2025-06-20T14:49:31 IST" duration-ms="1" status="PASS">
          <params>
            <param index="0">
              <value>
                <![CDATA[[TestResult name=projectList status=SUCCESS method=TestNGMain.projectList()[pri:2, instance:com.testing.scenario.TestNGMain@5aebe890] output={null}]]]>
              </value>
            </param>
          </params>
          <reporter-output>
          </reporter-output>
        </test-method> <!-- getResult -->
        <test-method is-config="true" signature="screeShot()[pri:0, instance:com.testing.scenario.TestNGMain@5aebe890]" started-at="2025-06-20T14:49:31 IST" name="screeShot" finished-at="2025-06-20T14:49:31 IST" duration-ms="131" status="PASS">
          <reporter-output>
          </reporter-output>
        </test-method> <!-- screeShot -->
        <test-method signature="navigatingToEnquiry()[pri:3, instance:com.testing.scenario.TestNGMain@5aebe890]" started-at="2025-06-20T14:49:31 IST" name="navigatingToEnquiry" finished-at="2025-06-20T14:49:31 IST" duration-ms="244" status="PASS">
          <reporter-output>
          </reporter-output>
        </test-method> <!-- navigatingToEnquiry -->
        <test-method is-config="true" signature="getResult(org.testng.ITestResult)[pri:0, instance:com.testing.scenario.TestNGMain@5aebe890]" started-at="2025-06-20T14:49:31 IST" name="getResult" finished-at="2025-06-20T14:49:31 IST" duration-ms="1" status="PASS">
          <params>
            <param index="0">
              <value>
                <![CDATA[[TestResult name=navigatingToEnquiry status=SUCCESS method=TestNGMain.navigatingToEnquiry()[pri:3, instance:com.testing.scenario.TestNGMain@5aebe890] output={null}]]]>
              </value>
            </param>
          </params>
          <reporter-output>
          </reporter-output>
        </test-method> <!-- getResult -->
        <test-method is-config="true" signature="screeShot()[pri:0, instance:com.testing.scenario.TestNGMain@5aebe890]" started-at="2025-06-20T14:49:31 IST" name="screeShot" finished-at="2025-06-20T14:49:31 IST" duration-ms="148" status="PASS">
          <reporter-output>
          </reporter-output>
        </test-method> <!-- screeShot -->
        <test-method is-config="true" signature="tearDown()[pri:0, instance:com.testing.scenario.TestNGMain@5aebe890]" started-at="2025-06-20T14:49:31 IST" name="tearDown" finished-at="2025-06-20T14:49:35 IST" duration-ms="3695" status="FAIL">
          <exception class="java.lang.NullPointerException">
            <message>
              <![CDATA[Cannot invoke "com.testing.UserDefineLibraries.ExcelReadOrWriteUtility.closeFile()" because "this.eds" is null]]>
            </message>
            <full-stacktrace>
              <![CDATA[java.lang.NullPointerException: Cannot invoke "com.testing.UserDefineLibraries.ExcelReadOrWriteUtility.closeFile()" because "this.eds" is null
at com.testing.scenario.TestNGMain.tearDown(TestNGMain.java:146)
at java.base/jdk.internal.reflect.DirectMethodHandleAccessor.invoke(DirectMethodHandleAccessor.java:103)
at java.base/java.lang.reflect.Method.invoke(Method.java:580)
at org.testng.internal.invokers.MethodInvocationHelper.invokeMethod(MethodInvocationHelper.java:141)
at org.testng.internal.invokers.MethodInvocationHelper.invokeMethodConsideringTimeout(MethodInvocationHelper.java:71)
at org.testng.internal.invokers.ConfigInvoker.invokeConfigurationMethod(ConfigInvoker.java:400)
at org.testng.internal.invokers.ConfigInvoker.invokeConfigurations(ConfigInvoker.java:333)
at org.testng.internal.invokers.TestMethodWorker.invokeAfterClassConfigurations(TestMethodWorker.java:238)
at org.testng.internal.invokers.TestMethodWorker.invokeAfterClassMethods(TestMethodWorker.java:223)
at org.testng.internal.invokers.TestMethodWorker.run(TestMethodWorker.java:137)
at java.base/java.util.ArrayList.forEach(ArrayList.java:1596)
at org.testng.TestRunner.privateRun(TestRunner.java:741)
at org.testng.TestRunner.run(TestRunner.java:616)
at org.testng.SuiteRunner.runTest(SuiteRunner.java:421)
at org.testng.SuiteRunner.runSequentially(SuiteRunner.java:413)
at org.testng.SuiteRunner.privateRun(SuiteRunner.java:373)
at org.testng.SuiteRunner.run(SuiteRunner.java:312)
at org.testng.SuiteRunnerWorker.runSuite(SuiteRunnerWorker.java:52)
at org.testng.SuiteRunnerWorker.run(SuiteRunnerWorker.java:95)
at org.testng.TestNG.runSuitesSequentially(TestNG.java:1274)
at org.testng.TestNG.runSuitesLocally(TestNG.java:1208)
at org.testng.TestNG.runSuites(TestNG.java:1112)
at org.testng.TestNG.run(TestNG.java:1079)
at org.testng.remote.AbstractRemoteTestNG.run(AbstractRemoteTestNG.java:115)
at org.testng.remote.RemoteTestNG.initAndRun(RemoteTestNG.java:293)
at org.testng.remote.RemoteTestNG.main(RemoteTestNG.java:91)
]]>
            </full-stacktrace>
          </exception> <!-- java.lang.NullPointerException -->
          <reporter-output>
          </reporter-output>
        </test-method> <!-- tearDown -->
        <test-method is-config="true" signature="writeDataIntoExcel()[pri:0, instance:com.testing.scenario.TestNGMain@5aebe890]" started-at="2025-06-20T14:49:35 IST" name="writeDataIntoExcel" finished-at="2025-06-20T14:49:35 IST" duration-ms="0" status="SKIP">
          <reporter-output>
          </reporter-output>
        </test-method> <!-- writeDataIntoExcel -->
        <test-method is-config="true" signature="writeDtaEmail()[pri:0, instance:com.testing.scenario.TestNGMain@5aebe890]" started-at="2025-06-20T14:49:35 IST" name="writeDtaEmail" finished-at="2025-06-20T14:49:35 IST" duration-ms="0" status="SKIP">
          <reporter-output>
          </reporter-output>
        </test-method> <!-- writeDtaEmail -->
        <test-method is-config="true" signature="flushReport()[pri:0, instance:com.testing.scenario.TestNGMain@5aebe890]" started-at="2025-06-20T14:49:35 IST" name="flushReport" finished-at="2025-06-20T14:49:35 IST" duration-ms="0" status="SKIP">
          <reporter-output>
          </reporter-output>
        </test-method> <!-- flushReport -->
      </class> <!-- com.testing.scenario.TestNGMain -->
    </test> <!-- Test Edge -->
  </suite> <!-- Suite -->
</testng-results>
