<?xml version="1.0" encoding="UTF-8"?>
<!-- Generated by org.testng.reporters.JUnitXMLReporter -->
<testsuite ignored="0" hostname="LTIN497053" failures="0" tests="3" name="Test Chrome" time="15.425" errors="0" timestamp="2025-06-20T14:49:19 IST">
  <testcase classname="com.testing.scenario.TestNGMain" name="@AfterClass tearDown" time="2.447">
    <failure type="java.lang.NullPointerException" message="Cannot invoke &amp;quot;com.testing.UserDefineLibraries.ExcelReadOrWriteUtility.closeFile()&amp;quot; because &amp;quot;this.eds&amp;quot; is null">
      <![CDATA[java.lang.NullPointerException: Cannot invoke "com.testing.UserDefineLibraries.ExcelReadOrWriteUtility.closeFile()" because "this.eds" is null
at com.testing.scenario.TestNGMain.tearDown(TestNGMain.java:146)
at java.base/java.util.ArrayList.forEach(ArrayList.java:1596)
... Removed 24 stack frames]]>
    </failure>
  </testcase> <!-- @AfterClass tearDown -->
  <testcase classname="com.testing.scenario.TestNGMain" name="@AfterClass writeDataIntoExcel" time="0.0">
    <skipped/>
  </testcase> <!-- @AfterClass writeDataIntoExcel -->
  <testcase classname="com.testing.scenario.TestNGMain" name="@AfterClass writeDtaEmail" time="0.0">
    <skipped/>
  </testcase> <!-- @AfterClass writeDtaEmail -->
  <testcase classname="com.testing.scenario.TestNGMain" name="@AfterTest flushReport" time="0.0">
    <skipped/>
  </testcase> <!-- @AfterTest flushReport -->
  <testcase classname="com.testing.scenario.TestNGMain" name="navigatingToHomePage" time="3.135"/>
  <testcase classname="com.testing.scenario.TestNGMain" name="projectList" time="0.092"/>
  <testcase classname="com.testing.scenario.TestNGMain" name="navigatingToEnquiry" time="0.24"/>
</testsuite> <!-- Test Chrome -->
