<?xml version="1.0" encoding="UTF-8"?>
<!-- Generated by org.testng.reporters.JUnitXMLReporter -->
<testsuite ignored="0" hostname="LTIN497053" failures="0" tests="3" name="Test Edge" time="16.359" errors="0" timestamp="2025-06-20T14:49:35 IST">
  <testcase classname="com.testing.scenario.TestNGMain" name="navigatingToHomePage" time="3.081"/>
  <testcase classname="com.testing.scenario.TestNGMain" name="projectList" time="0.071"/>
  <testcase classname="com.testing.scenario.TestNGMain" name="navigatingToEnquiry" time="0.244"/>
</testsuite> <!-- Test Edge -->
