<?xml version="1.0" encoding="UTF-8"?>
<!-- Generated by org.testng.reporters.JUnitXMLReporter -->
<testsuite ignored="0" hostname="LTIN719030" failures="0" tests="3" name="First Test Case" time="0.101" errors="0" timestamp="2026-05-13T11:29:43 IST">
  <testcase classname="TestNG.FirstTestCase" name="openApp" time="0.015"/>
  <testcase classname="TestNG.FirstTestCase" name="login" time="0.0"/>
  <testcase classname="TestNG.FirstTestCase" name="logout" time="0.001"/>
</testsuite> <!-- First Test Case -->
