<?xml version="1.0" encoding="UTF-8"?>
<!-- Generated by org.testng.reporters.JUnitXMLReporter -->
<testsuite ignored="0" hostname="LTIN719030" failures="0" tests="5" name="TestCase1" time="0.077" errors="0" timestamp="2026-05-13T12:14:25 IST">
  <testcase classname="TestNG.FirstTestCase" name="openApp" time="0.002"/>
  <testcase classname="TestNG.FirstTestCase" name="test" time="0.001"/>
  <testcase classname="TestNG.FirstTestCase" name="test2" time="0.001"/>
  <testcase classname="TestNG.AnnotationsDemo1" name="search" time="0.002"/>
  <testcase classname="TestNG.AnnotationsDemo1" name="advSearch" time="0.001"/>
</testsuite> <!-- TestCase1 -->
