<?xml version="1.0" encoding="UTF-8"?>
<testng-results ignored="0" total="5" passed="5" failed="0" skipped="0">
  <reporter-output>
  </reporter-output>
  <suite started-at="2026-05-13T12:14:25 IST" name="My First Test Suite" finished-at="2026-05-13T12:14:25 IST" duration-ms="77">
    <groups>
    </groups>
    <test started-at="2026-05-13T12:14:25 IST" name="TestCase1" finished-at="2026-05-13T12:14:25 IST" duration-ms="77">
      <class name="TestNG.FirstTestCase">
        <test-method signature="openApp()[pri:1, instance:TestNG.FirstTestCase@6ae5aa72]" started-at="2026-05-13T12:14:25 IST" name="openApp" finished-at="2026-05-13T12:14:25 IST" duration-ms="2" status="PASS">
          <reporter-output>
          </reporter-output>
        </test-method> <!-- openApp -->
        <test-method signature="test()[pri:2, instance:TestNG.FirstTestCase@6ae5aa72]" started-at="2026-05-13T12:14:25 IST" name="test" finished-at="2026-05-13T12:14:25 IST" duration-ms="1" status="PASS">
          <reporter-output>
          </reporter-output>
        </test-method> <!-- test -->
        <test-method signature="test2()[pri:3, instance:TestNG.FirstTestCase@6ae5aa72]" started-at="2026-05-13T12:14:25 IST" name="test2" finished-at="2026-05-13T12:14:25 IST" duration-ms="1" status="PASS">
          <reporter-output>
          </reporter-output>
        </test-method> <!-- test2 -->
      </class> <!-- TestNG.FirstTestCase -->
      <class name="TestNG.AnnotationsDemo1">
        <test-method is-config="true" signature="bs()[pri:0, instance:TestNG.AnnotationsDemo1@443118b0]" started-at="2026-05-13T12:14:25 IST" name="bs" finished-at="2026-05-13T12:14:25 IST" duration-ms="21" status="PASS">
          <reporter-output>
          </reporter-output>
        </test-method> <!-- bs -->
        <test-method is-config="true" signature="login()[pri:0, instance:TestNG.AnnotationsDemo1@443118b0]" started-at="2026-05-13T12:14:25 IST" name="login" finished-at="2026-05-13T12:14:25 IST" duration-ms="1" status="PASS">
          <reporter-output>
          </reporter-output>
        </test-method> <!-- login -->
        <test-method signature="search()[pri:4, instance:TestNG.AnnotationsDemo1@443118b0]" started-at="2026-05-13T12:14:25 IST" name="search" finished-at="2026-05-13T12:14:25 IST" duration-ms="2" status="PASS">
          <reporter-output>
          </reporter-output>
        </test-method> <!-- search -->
        <test-method signature="advSearch()[pri:5, instance:TestNG.AnnotationsDemo1@443118b0]" started-at="2026-05-13T12:14:25 IST" name="advSearch" finished-at="2026-05-13T12:14:25 IST" duration-ms="1" status="PASS">
          <reporter-output>
          </reporter-output>
        </test-method> <!-- advSearch -->
        <test-method is-config="true" signature="logout()[pri:0, instance:TestNG.AnnotationsDemo1@443118b0]" started-at="2026-05-13T12:14:25 IST" name="logout" finished-at="2026-05-13T12:14:25 IST" duration-ms="1" status="PASS">
          <reporter-output>
          </reporter-output>
        </test-method> <!-- logout -->
        <test-method is-config="true" signature="as()[pri:0, instance:TestNG.AnnotationsDemo1@443118b0]" started-at="2026-05-13T12:14:26 IST" name="as" finished-at="2026-05-13T12:14:26 IST" duration-ms="1" status="PASS">
          <reporter-output>
          </reporter-output>
        </test-method> <!-- as -->
      </class> <!-- TestNG.AnnotationsDemo1 -->
    </test> <!-- TestCase1 -->
  </suite> <!-- My First Test Suite -->
</testng-results>
