<?xml version="1.0" encoding="UTF-8"?>
<!-- Generated by org.testng.reporters.JUnitReportReporter -->
<testsuite hostname="LTIN719030" failures="0" tests="3" name="TestNG.FirstTestCase" time="0.004" errors="0" timestamp="2026-05-13T12:14:26 IST" skipped="0">
  <testcase classname="TestNG.FirstTestCase" name="openApp" time="0.002"/>
  <testcase classname="TestNG.FirstTestCase" name="test" time="0.001"/>
  <testcase classname="TestNG.FirstTestCase" name="test2" time="0.001"/>
</testsuite> <!-- TestNG.FirstTestCase -->
