<?xml version="1.0" encoding="UTF-8"?>
<!-- Generated by org.testng.reporters.JUnitXMLReporter -->
<testsuite ignored="2" hostname="LTIN719030" failures="0" tests="4" name="ValidLoginTest" time="9.692" errors="0" timestamp="2026-05-26T14:59:48 IST">
  <testcase classname="tests.LoginTests" name="loginWithInvalidCredentials" time="2.604"/>
  <testcase classname="tests.LoginTests" name="loginWithValidCredentials" time="3.048"/>
  <testcase classname="tests.HomeTests" name="sendDataToSearch" time="0.535"/>
  <testcase classname="tests.HomeTests" name="navigateToPim" time="1.926"/>
  <testcase classname="base.BaseTests" name="@BeforeSuite setUp" time="0.0">
    <ignored/>
  </testcase> <!-- @BeforeSuite setUp -->
  <testcase classname="base.BaseTests" name="@AfterSuite tearDown" time="0.0">
    <ignored/>
  </testcase> <!-- @AfterSuite tearDown -->
</testsuite> <!-- ValidLoginTest -->
